<?xml version="1.0" encoding="utf-8"?><testsuites name="pytest tests"><testsuite name="pytest" errors="0" failures="0" skipped="0" tests="14" time="0.121" timestamp="2025-12-16T08:59:52.599776-06:00" hostname="stthomasdevenv2509"><testcase classname="tests.test_postdeploy_unit.TestParameterValidation" name="test_valid_buildspec_paths_examples" time="0.000" /><testcase classname="tests.test_postdeploy_unit.TestParameterValidation" name="test_invalid_buildspec_paths_examples" time="0.000" /><testcase classname="tests.test_postdeploy_unit.TestParameterValidation" name="test_valid_s3_uri_examples" time="0.000" /><testcase classname="tests.test_postdeploy_unit.TestParameterValidation" name="test_invalid_s3_uri_examples" time="0.000" /><testcase classname="tests.test_postdeploy_unit.TestParameterValidation" name="test_valid_s3_bucket_name_examples" time="0.000" /><testcase classname="tests.test_postdeploy_unit.TestParameterValidation" name="test_invalid_s3_bucket_name_examples" time="0.000" /><testcase classname="tests.test_postdeploy_unit.TestParameterValidation" name="test_parameter_constraint_edge_cases" time="0.000" /><testcase classname="tests.test_postdeploy_unit.TestResourceConfiguration" name="test_postdeploy_service_role_configuration" time="0.000" /><testcase classname="tests.test_postdeploy_unit.TestResourceConfiguration" name="test_postdeploy_iam_permission_structure" time="0.000" /><testcase classname="tests.test_postdeploy_unit.TestResourceConfiguration" name="test_postdeploy_project_configuration" time="0.000" /><testcase classname="tests.test_postdeploy_unit.TestResourceConfiguration" name="test_postdeploy_log_group_configuration" time="0.000" /><testcase classname="tests.test_postdeploy_unit.TestResourceConfiguration" name="test_compute_environment_consistency_examples" time="0.000" /><testcase classname="tests.test_postdeploy_unit.TestResourceConfiguration" name="test_environment_variable_configuration_examples" time="0.000" /><testcase classname="tests.test_postdeploy_unit.TestResourceConfiguration" name="test_conditional_s3_buildspec_permissions" time="0.000" /></testsuite></testsuites>