<?xml version="1.0" encoding="utf-8"?><testsuites name="pytest tests"><testsuite name="pytest" errors="0" failures="0" skipped="0" tests="25" time="0.325" timestamp="2025-12-16T08:59:56.983927-06:00" hostname="stthomasdevenv2509"><properties>
[...]
</properties><testcase classname="tests.test_postdeploy_property_based" name="test_conditional_resource_creation" time="0.002" /><testcase classname="tests.test_postdeploy_property_based" name="test_postdeploy_resources_have_correct_conditions" time="0.001" /><testcase classname="tests.test_postdeploy_property_based" name="test_pipeline_stage_conditional_inclusion" time="0.001" /><testcase classname="tests.test_postdeploy_property_based" name="test_pipeline_dependencies_when_postdeploy_enabled" time="0.001" /><testcase classname="tests.test_postdeploy_property_based" name="test_parameter_naming_consistency" time="0.002" /><testcase classname="tests.test_postdeploy_property_based" name="test_postdeploy_parameter_structure" time="0.001" /><testcase classname="tests.test_postdeploy_property_based" name="test_condition_name_consistency" time="0.001" /><testcase classname="tests.test_postdeploy_property_based" name="test_postdeploy_condition_structure" time="0.001" /><testcase classname="tests.test_postdeploy_property_based" name="test_complex_postdeploy_conditions" time="0.001" /><testcase classname="tests.test_postdeploy_property_based" name="test_buildspec_parameter_reference" time="0.001" /><testcase classname="tests.test_postdeploy_property_based" name="test_postdeploy_buildspec_parameter_structure" time="0.001" /><testcase classname="tests.test_postdeploy_property_based" name="test_s3_buildspec_iam_permissions" time="0.001" /><testcase classname="tests.test_postdeploy_property_based" name="test_postdeploy_s3_buildspec_condition" time="0.001" /><testcase classname="tests.test_postdeploy_property_based" name="test_environment_variable_configuration" time="0.001" /><testcase classname="tests.test_postdeploy_property_based" name="test_postdeploy_s3_static_host_bucket_parameter" time="0.001" /><testcase classname="tests.test_postdeploy_property_based" name="test_compute_environment_consistency" time="0.001" /><testcase classname="tests.test_postdeploy_property_based" name="test_s3_permission_consistency" time="0.002" /><testcase classname="tests.test_postdeploy_property_based" name="test_ssm_permission_consistency" time="0.002" /><testcase classname="tests.test_postdeploy_property_based" name="test_core_environment_variable_consistency" time="0.001" /><testcase classname="tests.test_postdeploy_property_based" name="test_log_group_configuration" time="0.001" /><testcase classname="tests.test_postdeploy_property_based" name="test_buildspec_path_validation" time="0.098" /><testcase classname="tests.test_postdeploy_property_based" name="test_s3_uri_validation" time="0.073" /><testcase classname="tests.test_postdeploy_property_based" name="test_invalid_buildspec_paths_rejected" time="0.002" /><testcase classname="tests.test_postdeploy_property_based" name="test_invalid_s3_uris_rejected" time="0.002" /><testcase classname="tests.test_postdeploy_property_based" name="test_default_buildspec_configuration" time="0.001" /></testsuite></testsuites>